[MFLOG|0|2026-03-28T11:20:13.826388Z|runtime|f9442943-9c27-440f-a2db-61030a2ca2b2][pranjali-HelloNomadFlow-1774696808796986-start-1-0] Task is starting (pending)...
[MFLOG|0|2026-03-28T11:20:24.301643Z|runtime|219c09bf-d194-4014-ad9d-c61c9129f61d][pranjali-HelloNomadFlow-1774696808796986-start-1-0] Task is starting (pending)...
[MFLOG|0|2026-03-28T11:20:34.571141Z|runtime|a0db3d86-835a-4d2d-aa19-8742378fc6fc][pranjali-HelloNomadFlow-1774696808796986-start-1-0] Task is starting (pending)...
[MFLOG|0|2026-03-28T11:20:44.685359Z|runtime|520b6679-74b6-49cf-a567-0b63155fbde3][pranjali-HelloNomadFlow-1774696808796986-start-1-0] Task is starting (pending)...
[MFLOG|0|2026-03-28T11:20:55.036956Z|runtime|38947f04-995f-40e8-a1d5-4b8b67dd393a][pranjali-HelloNomadFlow-1774696808796986-start-1-0] Task is starting (pending)...
[MFLOG|0|2026-03-28T11:21:05.210103Z|runtime|7c90a7b5-bad8-4519-a05a-2129c5189e4b][pranjali-HelloNomadFlow-1774696808796986-start-1-0] Task is starting (pending)...
[MFLOG|0|2026-03-28T11:21:15.434360Z|runtime|3518bec6-76aa-4aa3-a90c-f0a925cf3ff1][pranjali-HelloNomadFlow-1774696808796986-start-1-0] Task is starting (pending)...
[MFLOG|0|2026-03-28T11:21:25.889557Z|runtime|b94e602b-aaa7-4209-85de-035ca26339ed][pranjali-HelloNomadFlow-1774696808796986-start-1-0] Task is starting (pending)...
[MFLOG|0|2026-03-28T11:21:35.988175Z|runtime|6a5ada2a-22fa-4e09-ad9e-2a62b878a116][pranjali-HelloNomadFlow-1774696808796986-start-1-0] Task is starting (pending)...
[MFLOG|0|2026-03-28T11:21:46.158002Z|runtime|35055ec0-ec26-4b82-a1b0-908a72131957][pranjali-HelloNomadFlow-1774696808796986-start-1-0] Task is starting (pending)...
[MFLOG|0|2026-03-28T11:21:56.445251Z|runtime|085554a1-c661-4481-993f-575939863faa][pranjali-HelloNomadFlow-1774696808796986-start-1-0] Task is starting (pending)...
[MFLOG|0|2026-03-28T11:22:06.582017Z|runtime|f1aad338-10b9-42f2-8d5c-400ca34d71e0][pranjali-HelloNomadFlow-1774696808796986-start-1-0] Task is starting (pending)...
[MFLOG|0|2026-03-28T11:22:16.751545Z|runtime|37a3b96a-3fee-44c5-a19a-8f42d7b756e1][pranjali-HelloNomadFlow-1774696808796986-start-1-0] Task is starting (pending)...
[MFLOG|0|2026-03-28T11:22:26.950564Z|runtime|220f75a2-e23d-43ad-b948-a39cb472d4ba][pranjali-HelloNomadFlow-1774696808796986-start-1-0] Task is starting (pending)...
[MFLOG|0|2026-03-28T11:22:37.264560Z|runtime|2653a859-300b-4593-8b7a-4c805a13ce28][pranjali-HelloNomadFlow-1774696808796986-start-1-0] Task is starting (pending)...
[MFLOG|0|2026-03-28T11:22:47.488589Z|runtime|b79535ad-e396-4c07-bf4c-06c61010d578][pranjali-HelloNomadFlow-1774696808796986-start-1-0] Task is starting (pending)...
[MFLOG|0|2026-03-28T11:22:58.033381Z|runtime|d4f02896-4c39-4953-b541-f8606cbf4683][pranjali-HelloNomadFlow-1774696808796986-start-1-0] Task is starting (pending)...
[MFLOG|0|2026-03-28T11:23:08.378875Z|runtime|37315592-6c19-43b0-9bb2-addab90d5a54][pranjali-HelloNomadFlow-1774696808796986-start-1-0] Task is starting (pending)...
[MFLOG|0|2026-03-28T11:23:19.190026Z|runtime|febf3bd1-3137-4474-8355-c0c1aa9471d3][pranjali-HelloNomadFlow-1774696808796986-start-1-0] Task is starting (pending)...
[MFLOG|0|2026-03-28T11:23:29.853764Z|runtime|ad0b8cb3-d0cb-4b7e-a58a-dd164e0e05aa][pranjali-HelloNomadFlow-1774696808796986-start-1-0] Task is starting (pending)...
[MFLOG|0|2026-03-28T11:23:40.444954Z|runtime|21016bdf-5c44-4d25-be72-e8c0df2901be][pranjali-HelloNomadFlow-1774696808796986-start-1-0] Task is starting (pending)...
[MFLOG|0|2026-03-28T11:23:50.897305Z|runtime|291d1389-08fb-4b60-b976-ee7851f245ea][pranjali-HelloNomadFlow-1774696808796986-start-1-0] Task is starting (pending)...
[MFLOG|0|2026-03-28T11:24:01.207584Z|runtime|77046d92-5be3-4bb1-92d4-e15c37ba37d9][pranjali-HelloNomadFlow-1774696808796986-start-1-0] Task is starting (pending)...
[MFLOG|0|2026-03-28T11:24:11.826701Z|runtime|f2b2add2-13bf-44a4-a94a-2703a8e7e964][pranjali-HelloNomadFlow-1774696808796986-start-1-0] Task is starting (pending)...
[MFLOG|0|2026-03-28T11:24:22.047654Z|runtime|64a71f54-c8d5-4387-baa6-30abc32aec04][pranjali-HelloNomadFlow-1774696808796986-start-1-0] Task is starting (pending)...
[MFLOG|0|2026-03-28T11:24:30.463739Z|runtime|64ad32e5-92a3-4b39-99d0-5a2c61b36b99]    Data store error:
[MFLOG|0|2026-03-28T11:24:31.178343Z|runtime|155406c8-db1a-44cc-beca-b26a8518dc08]    No completed attempts of the task was found for task 'HelloNomadFlow/1774696808796986/start/1'
[MFLOG|0|2026-03-28T11:24:31.179951Z|runtime|4c0b710d-b749-46d3-a321-01639010bf49]
[MFLOG|0|2026-03-28T11:24:30.700207Z|runtime|e9c70770-6953-4670-8b10-16d0a82cd515]Task failed.