[MFLOG|0|2026-03-28T14:27:46.478645Z|runtime|48dea39d-98a1-4052-8981-3518975c5706][pranjali-HelloNomadFlow-1774708060879022-start-1-0] Task is starting (pending)...
[MFLOG|0|2026-03-28T14:27:50.852327Z|runtime|a748bf3c-75f4-4320-9d9c-45af618cc107][pranjali-HelloNomadFlow-1774708060879022-start-1-0] Traceback (most recent call last):
[MFLOG|0|2026-03-28T14:27:50.852700Z|runtime|be74af4a-8a84-472a-aac5-57252c25d00d][pranjali-HelloNomadFlow-1774708060879022-start-1-0]   File "/local/metaflow/.mf_code/metaflow/extension_support/plugins.py", line 99, in get_plugin
[MFLOG|0|2026-03-28T14:27:50.853030Z|runtime|e5aa035e-dc09-497b-81ab-332e4766b09d][pranjali-HelloNomadFlow-1774708060879022-start-1-0]     plugin_module = importlib.import_module(path)
[MFLOG|0|2026-03-28T14:27:50.853278Z|runtime|a02b82d3-3f80-44b8-9f86-162bd5268126][pranjali-HelloNomadFlow-1774708060879022-start-1-0]                     ^^^^^^^^^^^^^^^^^^^^^^^^^^^^^
[MFLOG|0|2026-03-28T14:27:50.853578Z|runtime|518a4de6-7663-421d-a8f8-1b526eac3cf1][pranjali-HelloNomadFlow-1774708060879022-start-1-0]   File "/usr/local/lib/python3.11/importlib/__init__.py", line 126, in import_module
[MFLOG|0|2026-03-28T14:27:50.853873Z|runtime|602c81f2-83a3-417e-9254-dace2adf7896][pranjali-HelloNomadFlow-1774708060879022-start-1-0]     return _bootstrap._gcd_import(name[level:], package, level)
[MFLOG|0|2026-03-28T14:27:50.854071Z|runtime|b8dbc448-7301-4c5f-bc1a-1ab158576019][pranjali-HelloNomadFlow-1774708060879022-start-1-0]            ^^^^^^^^^^^^^^^^^^^^^^^^^^^^^^^^^^^^^^^^^^^^^^^^^^^^
[MFLOG|0|2026-03-28T14:27:50.854284Z|runtime|bf3c694e-8f01-4abb-82e1-79f3e844de42][pranjali-HelloNomadFlow-1774708060879022-start-1-0]   File "<frozen importlib._bootstrap>", line 1204, in _gcd_import
[MFLOG|0|2026-03-28T14:27:50.854771Z|runtime|d7870661-3252-49f8-b3ae-e30ac7a39219][pranjali-HelloNomadFlow-1774708060879022-start-1-0]   File "<frozen importlib._bootstrap>", line 1176, in _find_and_load
[MFLOG|0|2026-03-28T14:27:50.855064Z|runtime|ee703e5b-d6f9-4a65-922d-20848c777c97][pranjali-HelloNomadFlow-1774708060879022-start-1-0]   File "<frozen importlib._bootstrap>", line 1147, in _find_and_load_unlocked
[MFLOG|0|2026-03-28T14:27:50.855290Z|runtime|757a76d0-eca2-43ee-9c0f-9c4ffb2cba87][pranjali-HelloNomadFlow-1774708060879022-start-1-0]   File "<frozen importlib._bootstrap>", line 690, in _load_unlocked
[MFLOG|0|2026-03-28T14:27:50.855506Z|runtime|75cb7688-8d0a-4893-9a74-5af77cddafc1][pranjali-HelloNomadFlow-1774708060879022-start-1-0]   File "<frozen importlib._bootstrap_external>", line 940, in exec_module
[MFLOG|0|2026-03-28T14:27:50.855733Z|runtime|c9fba97f-e2a8-4211-ac03-9757507e26ee][pranjali-HelloNomadFlow-1774708060879022-start-1-0]   File "<frozen importlib._bootstrap>", line 241, in _call_with_frames_removed
[MFLOG|0|2026-03-28T14:27:50.855989Z|runtime|c9100a48-f576-4871-8094-8a2524f0d809][pranjali-HelloNomadFlow-1774708060879022-start-1-0]   File "/local/metaflow/.mf_code/metaflow/plugins/metadata_providers/service.py", line 5, in <module>
[MFLOG|0|2026-03-28T14:27:50.856279Z|runtime|68bdf83e-ac98-45a1-a53b-31dbb5aa7f12][pranjali-HelloNomadFlow-1774708060879022-start-1-0]     import requests
[MFLOG|0|2026-03-28T14:27:50.856605Z|runtime|f3860d87-2adc-4d6d-a4bd-e1e598e869b6][pranjali-HelloNomadFlow-1774708060879022-start-1-0] ModuleNotFoundError: No module named 'requests'
[MFLOG|0|2026-03-28T14:27:50.856938Z|runtime|4bdbdfb3-c932-414e-8369-752be25448c4][pranjali-HelloNomadFlow-1774708060879022-start-1-0] 
[MFLOG|0|2026-03-28T14:27:50.857247Z|runtime|a4fac04c-50ec-46f1-ac86-dd57c19dd76b][pranjali-HelloNomadFlow-1774708060879022-start-1-0] The above exception was the direct cause of the following exception:
[MFLOG|0|2026-03-28T14:27:50.857538Z|runtime|ab86d151-dbd5-4d4b-bc2e-781228226e26][pranjali-HelloNomadFlow-1774708060879022-start-1-0] 
[MFLOG|0|2026-03-28T14:27:50.857770Z|runtime|7bee0089-555a-444f-aae2-9661005887e0][pranjali-HelloNomadFlow-1774708060879022-start-1-0] Traceback (most recent call last):
[MFLOG|0|2026-03-28T14:27:50.857950Z|runtime|71f25e9f-1816-464b-aed2-009d20bc967c][pranjali-HelloNomadFlow-1774708060879022-start-1-0]   File "<frozen runpy>", line 189, in _run_module_as_main
[MFLOG|0|2026-03-28T14:27:50.858188Z|runtime|bf682b61-5e5f-4e79-8be4-7f02799b6957][pranjali-HelloNomadFlow-1774708060879022-start-1-0]   File "<frozen runpy>", line 112, in _get_module_details
[MFLOG|0|2026-03-28T14:27:50.858408Z|runtime|aa553c79-f9a1-4af3-9bd1-734b43d5c755][pranjali-HelloNomadFlow-1774708060879022-start-1-0]   File "/local/metaflow/.mf_code/metaflow/__init__.py", line 120, in <module>
[MFLOG|0|2026-03-28T14:27:50.858611Z|runtime|19ab164c-5b5d-4e02-b396-ce56f051a74d][pranjali-HelloNomadFlow-1774708060879022-start-1-0]     from .plugins.datatools import S3
[MFLOG|0|2026-03-28T14:27:50.858848Z|runtime|9c9f592b-c0dd-4026-be20-d04267c9692c][pranjali-HelloNomadFlow-1774708060879022-start-1-0]   File "/local/metaflow/.mf_code/metaflow/plugins/__init__.py", line 204, in <module>
[MFLOG|0|2026-03-28T14:27:50.859094Z|runtime|c3b1e9b3-1add-4ce4-a55b-998ac0bfeb07][pranjali-HelloNomadFlow-1774708060879022-start-1-0]     METADATA_PROVIDERS = resolve_plugins("metadata_provider")
[MFLOG|0|2026-03-28T14:27:50.859283Z|runtime|d43b59b7-5130-4218-966d-aed47a38cefd][pranjali-HelloNomadFlow-1774708060879022-start-1-0]                          ^^^^^^^^^^^^^^^^^^^^^^^^^^^^^^^^^^^^
[MFLOG|0|2026-03-28T14:27:50.859497Z|runtime|36c64575-7e0f-438d-8699-36c9e9b39f76][pranjali-HelloNomadFlow-1774708060879022-start-1-0]   File "/local/metaflow/.mf_code/metaflow/extension_support/plugins.py", line 164, in resolve_plugins
[MFLOG|0|2026-03-28T14:27:50.859644Z|runtime|38034642-96de-480f-9fa9-a75441e3c872][pranjali-HelloNomadFlow-1774708060879022-start-1-0]     to_return.append(get_plugin(category, class_path, name))
[MFLOG|0|2026-03-28T14:27:50.859785Z|runtime|eb14188e-2d50-4f8b-ae89-a3c0688e084e][pranjali-HelloNomadFlow-1774708060879022-start-1-0]                      ^^^^^^^^^^^^^^^^^^^^^^^^^^^^^^^^^^^^^^
[MFLOG|0|2026-03-28T14:27:50.859931Z|runtime|53d1f3f7-4463-4e90-af27-60e43e02accb][pranjali-HelloNomadFlow-1774708060879022-start-1-0]   File "/local/metaflow/.mf_code/metaflow/extension_support/plugins.py", line 101, in get_plugin
[MFLOG|0|2026-03-28T14:27:50.860108Z|runtime|9e218123-5528-4162-bb1a-1abc3e3c5b6b][pranjali-HelloNomadFlow-1774708060879022-start-1-0]     raise ValueError(
[MFLOG|0|2026-03-28T14:27:50.860295Z|runtime|9ad78a6e-c7f3-40f6-9eea-e07ccd0494be][pranjali-HelloNomadFlow-1774708060879022-start-1-0] ValueError: Cannot locate metadata_provider plugin 'service' at 'metaflow.plugins.metadata_providers.service'
[MFLOG|0|2026-03-28T14:27:50.860500Z|runtime|d496a411-7596-4e16-b684-8af73b4550c3][pranjali-HelloNomadFlow-1774708060879022-start-1-0] Traceback (most recent call last):
[MFLOG|0|2026-03-28T14:27:50.861308Z|runtime|ff8ffbf5-e4a3-4942-b218-f013804bc6b6][pranjali-HelloNomadFlow-1774708060879022-start-1-0]   File "/local/metaflow/.mf_code/metaflow/extension_support/plugins.py", line 99, in get_plugin
[MFLOG|0|2026-03-28T14:27:50.861832Z|runtime|76f6f9e0-3861-45fb-bbb3-c1200fe26de8][pranjali-HelloNomadFlow-1774708060879022-start-1-0]     plugin_module = importlib.import_module(path)
[MFLOG|0|2026-03-28T14:27:50.862275Z|runtime|77ac9e1a-c37c-4f31-821f-987cc305d5ab][pranjali-HelloNomadFlow-1774708060879022-start-1-0]                     ^^^^^^^^^^^^^^^^^^^^^^^^^^^^^
[MFLOG|0|2026-03-28T14:27:50.862610Z|runtime|1df167d4-5fe9-4220-b1e3-bd9fd6ca4e08][pranjali-HelloNomadFlow-1774708060879022-start-1-0]   File "/usr/local/lib/python3.11/importlib/__init__.py", line 126, in import_module
[MFLOG|0|2026-03-28T14:27:50.862888Z|runtime|ab5a6714-18c8-4686-a73c-757d700af977][pranjali-HelloNomadFlow-1774708060879022-start-1-0]     return _bootstrap._gcd_import(name[level:], package, level)
[MFLOG|0|2026-03-28T14:27:50.863284Z|runtime|27f77511-4eb1-4e7f-8377-54de4f99258d][pranjali-HelloNomadFlow-1774708060879022-start-1-0]            ^^^^^^^^^^^^^^^^^^^^^^^^^^^^^^^^^^^^^^^^^^^^^^^^^^^^
[MFLOG|0|2026-03-28T14:27:50.863869Z|runtime|f5517a32-948c-4255-81f1-ba0d7fb8d7d4][pranjali-HelloNomadFlow-1774708060879022-start-1-0]   File "<frozen importlib._bootstrap>", line 1204, in _gcd_import
[MFLOG|0|2026-03-28T14:27:51.992670Z|runtime|5cae387a-d576-450f-b030-b39a8f829b15][pranjali-HelloNomadFlow-1774708060879022-start-1-0]   File "<frozen importlib._bootstrap>", line 1176, in _find_and_load
[MFLOG|0|2026-03-28T14:27:51.993397Z|runtime|f9e86dfc-af4d-4bfc-b28b-21ef5ec2c960][pranjali-HelloNomadFlow-1774708060879022-start-1-0]   File "<frozen importlib._bootstrap>", line 1147, in _find_and_load_unlocked
[MFLOG|0|2026-03-28T14:27:51.994002Z|runtime|0ad1b2fc-594d-499d-a1a7-45c026b3455f][pranjali-HelloNomadFlow-1774708060879022-start-1-0]   File "<frozen importlib._bootstrap>", line 690, in _load_unlocked
[MFLOG|0|2026-03-28T14:27:51.994755Z|runtime|82d4cadf-01f4-46b7-9eaf-8420b4028d48][pranjali-HelloNomadFlow-1774708060879022-start-1-0]   File "<frozen importlib._bootstrap_external>", line 940, in exec_module
[MFLOG|0|2026-03-28T14:27:51.995381Z|runtime|fae8d6cb-e140-423e-9587-e8afc626c388][pranjali-HelloNomadFlow-1774708060879022-start-1-0]   File "<frozen importlib._bootstrap>", line 241, in _call_with_frames_removed
[MFLOG|0|2026-03-28T14:27:51.996043Z|runtime|21daf9c9-2e1b-45c3-af13-4324747116aa][pranjali-HelloNomadFlow-1774708060879022-start-1-0]   File "/local/metaflow/.mf_code/metaflow/plugins/metadata_providers/service.py", line 5, in <module>
[MFLOG|0|2026-03-28T14:27:51.996692Z|runtime|08b1efcd-a1ca-4f9f-853e-5106a7273b7e][pranjali-HelloNomadFlow-1774708060879022-start-1-0]     import requests
[MFLOG|0|2026-03-28T14:27:51.997370Z|runtime|8286ae28-7b84-430c-9788-9a80df4d4591][pranjali-HelloNomadFlow-1774708060879022-start-1-0] ModuleNotFoundError: No module named 'requests'
[MFLOG|0|2026-03-28T14:27:51.998011Z|runtime|2c91a029-faf4-47ad-a614-52def8b97fdb][pranjali-HelloNomadFlow-1774708060879022-start-1-0] 
[MFLOG|0|2026-03-28T14:27:51.998609Z|runtime|d61e0655-57e5-484d-9e0d-94cf1c91af09][pranjali-HelloNomadFlow-1774708060879022-start-1-0] The above exception was the direct cause of the following exception:
[MFLOG|0|2026-03-28T14:27:51.999000Z|runtime|aa08c97f-775e-463b-a532-b98fee246b2b][pranjali-HelloNomadFlow-1774708060879022-start-1-0] 
[MFLOG|0|2026-03-28T14:27:51.999436Z|runtime|3d426666-1be4-4c36-a0f9-9996a04b90e6][pranjali-HelloNomadFlow-1774708060879022-start-1-0] Traceback (most recent call last):
[MFLOG|0|2026-03-28T14:27:51.999800Z|runtime|81435bbc-c655-43bd-89b9-c4e11f618938][pranjali-HelloNomadFlow-1774708060879022-start-1-0]   File "<frozen runpy>", line 189, in _run_module_as_main
[MFLOG|0|2026-03-28T14:27:52.000240Z|runtime|3701e5cf-7909-4923-9af2-614bb5d09bf5][pranjali-HelloNomadFlow-1774708060879022-start-1-0]   File "<frozen runpy>", line 112, in _get_module_details
[MFLOG|0|2026-03-28T14:27:52.001019Z|runtime|54467cea-3511-4bc1-902a-d70b3d8c9920][pranjali-HelloNomadFlow-1774708060879022-start-1-0]   File "/local/metaflow/.mf_code/metaflow/__init__.py", line 120, in <module>
[MFLOG|0|2026-03-28T14:27:52.001416Z|runtime|a86b724f-0b16-4b4a-9802-4b3ec68731e3][pranjali-HelloNomadFlow-1774708060879022-start-1-0]     from .plugins.datatools import S3
[MFLOG|0|2026-03-28T14:27:52.001711Z|runtime|2996e93e-e21a-4098-ba54-446820b75ecf][pranjali-HelloNomadFlow-1774708060879022-start-1-0]   File "/local/metaflow/.mf_code/metaflow/plugins/__init__.py", line 204, in <module>
[MFLOG|0|2026-03-28T14:27:52.001905Z|runtime|5ac94735-d851-44cd-952d-1db0743b1e81][pranjali-HelloNomadFlow-1774708060879022-start-1-0]     METADATA_PROVIDERS = resolve_plugins("metadata_provider")
[MFLOG|0|2026-03-28T14:27:52.002148Z|runtime|acf74bd1-5788-4142-ad2a-6ebd29bd1469][pranjali-HelloNomadFlow-1774708060879022-start-1-0]                          ^^^^^^^^^^^^^^^^^^^^^^^^^^^^^^^^^^^^
[MFLOG|0|2026-03-28T14:27:52.002379Z|runtime|179e0b0c-1ca6-4115-8e5d-af0a5c9dc817][pranjali-HelloNomadFlow-1774708060879022-start-1-0]   File "/local/metaflow/.mf_code/metaflow/extension_support/plugins.py", line 164, in resolve_plugins
[MFLOG|0|2026-03-28T14:27:52.002625Z|runtime|56d31331-141e-47ed-a41d-b871ffdf120b][pranjali-HelloNomadFlow-1774708060879022-start-1-0]     to_return.append(get_plugin(category, class_path, name))
[MFLOG|0|2026-03-28T14:27:52.002786Z|runtime|77f30a58-4ec1-45bf-984e-5f53839d55f6][pranjali-HelloNomadFlow-1774708060879022-start-1-0]                      ^^^^^^^^^^^^^^^^^^^^^^^^^^^^^^^^^^^^^^
[MFLOG|0|2026-03-28T14:27:52.002958Z|runtime|ccf7c6a9-aec7-47c4-952b-a9ca6330fb8a][pranjali-HelloNomadFlow-1774708060879022-start-1-0]   File "/local/metaflow/.mf_code/metaflow/extension_support/plugins.py", line 101, in get_plugin
[MFLOG|0|2026-03-28T14:27:52.003153Z|runtime|1adbbd5e-036d-4fb4-92aa-dfcd61a759ae][pranjali-HelloNomadFlow-1774708060879022-start-1-0]     raise ValueError(
[MFLOG|0|2026-03-28T14:27:52.003410Z|runtime|2b895b89-724f-465d-b841-0b5eb13e3caa][pranjali-HelloNomadFlow-1774708060879022-start-1-0] ValueError: Cannot locate metadata_provider plugin 'service' at 'metaflow.plugins.metadata_providers.service'
[MFLOG|0|2026-03-28T14:27:52.003652Z|runtime|5ddecf7b-5738-4cd3-9210-7576259a3285]Skipping local metadata sync for @nomad step: No completed attempts of the task was found for task 'HelloNomadFlow/1774708060879022/start/1'
[MFLOG|0|2026-03-28T14:27:52.182126Z|runtime|d1f4420e-f9ab-4ae5-88ed-0bc55b5a82bf]    Nomad error:
[MFLOG|0|2026-03-28T14:27:52.183398Z|runtime|fb3e9335-fe99-4758-9aaf-f2a5d39d2a5c]    Exit Code: 1, Exit Message: "Docker container exited with non-zero exit code: 1" (exit code 1) This could be a transient error. Use @retry to retry.
[MFLOG|0|2026-03-28T14:27:52.184106Z|runtime|ca8bd9c1-ff57-4492-8814-47ad2df47d02]
[MFLOG|0|2026-03-28T14:27:52.237617Z|runtime|31834339-cbfe-40ba-96d1-fa8a4f92810f]Task failed.